c:\frogger\frogger\release\vc141.pdb
c:\frogger\frogger\release\textobject.obj
c:\frogger\frogger\release\spriteobject.obj
c:\frogger\frogger\release\nonplayerobject.obj
c:\frogger\frogger\release\main.obj
c:\frogger\frogger\release\frog.obj
c:\frogger\frogger\release\movingobject.obj
c:\frogger\frogger\release\enemyorplatform.obj
c:\frogger\frogger\release\groundtile.obj
c:\frogger\frogger\release\animatedobject.obj
c:\frogger\release\frogger.ipdb
c:\frogger\release\frogger.iobj
c:\frogger\release\frogger.exe
c:\frogger\release\frogger.pdb
c:\frogger\frogger\release\frogger.tlog\cl.command.1.tlog
c:\frogger\frogger\release\frogger.tlog\cl.read.1.tlog
c:\frogger\frogger\release\frogger.tlog\cl.write.1.tlog
c:\frogger\frogger\release\frogger.tlog\frogger.write.1u.tlog
c:\frogger\frogger\release\frogger.tlog\link.command.1.tlog
c:\frogger\frogger\release\frogger.tlog\link.read.1.tlog
c:\frogger\frogger\release\frogger.tlog\link.write.1.tlog
