c:\frogger\frogger\debug\vc141.pdb
c:\frogger\frogger\debug\vc141.idb
c:\frogger\frogger\debug\textobject.obj
c:\frogger\frogger\debug\spriteobject.obj
c:\frogger\frogger\debug\nonplayerobject.obj
c:\frogger\frogger\debug\main.obj
c:\frogger\frogger\debug\frog.obj
c:\frogger\frogger\debug\movingobject.obj
c:\frogger\frogger\debug\enemyorplatform.obj
c:\frogger\frogger\debug\groundtile.obj
c:\frogger\frogger\debug\animatedobject.obj
c:\frogger\debug\frogger.ilk
c:\frogger\debug\frogger.exe
c:\frogger\debug\frogger.pdb
c:\frogger\frogger\debug\frogger.tlog\cl.command.1.tlog
c:\frogger\frogger\debug\frogger.tlog\cl.read.1.tlog
c:\frogger\frogger\debug\frogger.tlog\cl.write.1.tlog
c:\frogger\frogger\debug\frogger.tlog\link.command.1.tlog
c:\frogger\frogger\debug\frogger.tlog\link.read.1.tlog
c:\frogger\frogger\debug\frogger.tlog\link.write.1.tlog
